Oct 20 20:34:02 +02:00 (none)  Mounting virtual file systems: /run /proc /sys OK
Oct 20 20:34:02 +02:00 (none)  Bringing up the loopback interface... OK
Oct 20 20:34:02 +02:00 (none)  Setting hostname to tmeyer... OK
Oct 20 20:34:02 +02:00 tmeyer  Populating /dev with device nodes...  OK
Oct 20 18:34:05 +02:00 tmeyer  Activating all swap files/partitions... OK
Oct 20 18:34:05 +02:00 tmeyer  Mounting root file system in read-only mode...  OK
Oct 20 18:34:05 +02:00 tmeyer  Checking file systems... OK
Oct 20 18:34:05 +02:00 tmeyer  Remounting root file system in read-write mode... OK
Oct 20 18:34:05 +02:00 tmeyer  Mounting remaining file systems... OK
Oct 20 18:34:05 +02:00 tmeyer  Cleaning file systems: /tmp OK
Oct 20 18:34:05 +02:00 tmeyer  Retrying failed uevents, if any... OK
Oct 20 18:34:06 +02:00 tmeyer  Starting system log daemon... OK
Oct 20 18:34:06 +02:00 tmeyer  Starting kernel log daemon... OK
--------
Oct 20 20:39:23 +02:00 (none)  Mounting virtual file systems: /run /proc /sys OK
Oct 20 20:39:23 +02:00 (none)  Bringing up the loopback interface... OK
Oct 20 20:39:23 +02:00 (none)  Setting hostname to tmeyer... OK
Oct 20 20:39:23 +02:00 tmeyer  Populating /dev with device nodes...  OK
Oct 20 18:39:24 +02:00 tmeyer  Activating all swap files/partitions... OK
Oct 20 18:39:24 +02:00 tmeyer  Mounting root file system in read-only mode...  OK
Oct 20 18:39:24 +02:00 tmeyer  Checking file systems... OK
Oct 20 18:39:24 +02:00 tmeyer  Remounting root file system in read-write mode... OK
Oct 20 18:39:24 +02:00 tmeyer  Mounting remaining file systems... OK
Oct 20 18:39:24 +02:00 tmeyer  Cleaning file systems: /tmp OK
Oct 20 18:39:24 +02:00 tmeyer  Retrying failed uevents, if any... OK
Oct 20 18:39:25 +02:00 tmeyer  Starting system log daemon... OK
Oct 20 18:39:25 +02:00 tmeyer  Starting kernel log daemon... OK
--------
Oct 20 23:00:33 +02:00 (none)  Mounting virtual file systems: /run /proc /sys OK
Oct 20 23:00:33 +02:00 (none)  Bringing up the loopback interface... OK
Oct 20 23:00:33 +02:00 (none)  Setting hostname to tmeyer... OK
Oct 20 23:00:33 +02:00 tmeyer  Populating /dev with device nodes...  OK
Oct 20 21:00:35 +02:00 tmeyer  Activating all swap files/partitions... OK
Oct 20 21:00:35 +02:00 tmeyer  Mounting root file system in read-only mode...  OK
Oct 20 21:00:35 +02:00 tmeyer  Checking file systems... OK
Oct 20 21:00:35 +02:00 tmeyer  Remounting root file system in read-write mode... OK
Oct 20 21:00:35 +02:00 tmeyer  Mounting remaining file systems... OK
Oct 20 21:00:35 +02:00 tmeyer  Cleaning file systems: /tmp OK
Oct 20 21:00:35 +02:00 tmeyer  Retrying failed uevents, if any... OK
Oct 20 21:00:36 +02:00 tmeyer  Starting system log daemon... OK
Oct 20 21:00:36 +02:00 tmeyer  Starting kernel log daemon... OK
Oct 20 21:00:36 +02:00 tmeyer  Bringing up the eth0 interface...Oct 20 21:00:36 +02:00 tmeyer  Interface eth0 doesn't exist. FAIL
--------
Oct 20 23:06:20 +02:00 (none)  Mounting virtual file systems: /run /proc /sys OK
Oct 20 23:06:20 +02:00 (none)  Bringing up the loopback interface... OK
Oct 20 23:06:20 +02:00 (none)  Setting hostname to tmeyer... OK
Oct 20 23:06:20 +02:00 tmeyer  Populating /dev with device nodes...  OK
Oct 20 21:06:22 +02:00 tmeyer  Activating all swap files/partitions... OK
Oct 20 21:06:22 +02:00 tmeyer  Mounting root file system in read-only mode...  OK
Oct 20 21:06:22 +02:00 tmeyer  Checking file systems... OK
Oct 20 21:06:22 +02:00 tmeyer  Remounting root file system in read-write mode... OK
Oct 20 21:06:22 +02:00 tmeyer  Mounting remaining file systems... OK
Oct 20 21:06:22 +02:00 tmeyer  Cleaning file systems: /tmp OK
Oct 20 21:06:22 +02:00 tmeyer  Retrying failed uevents, if any... OK
Oct 20 21:06:23 +02:00 tmeyer  Starting system log daemon... OK
Oct 20 21:06:23 +02:00 tmeyer  Starting kernel log daemon... OK
Oct 20 21:06:23 +02:00 tmeyer  Bringing up the enp0s3 interface... OK
Oct 20 21:06:23 +02:00 tmeyer  Starting dhcpcd on the enp0s3 interface... OK
--------
Oct 20 23:16:03 +02:00 (none)  Mounting virtual file systems: /run /proc /sys OK
Oct 20 23:16:03 +02:00 (none)  Bringing up the loopback interface... OK
Oct 20 23:16:03 +02:00 (none)  Setting hostname to tmeyer... OK
Oct 20 23:16:03 +02:00 tmeyer  Populating /dev with device nodes...  OK
Oct 20 21:16:05 +02:00 tmeyer  Activating all swap files/partitions... OK
Oct 20 21:16:05 +02:00 tmeyer  Mounting root file system in read-only mode...  OK
Oct 20 21:16:05 +02:00 tmeyer  Checking file systems... OK
Oct 20 21:16:05 +02:00 tmeyer  Remounting root file system in read-write mode... OK
Oct 20 21:16:05 +02:00 tmeyer  Mounting remaining file systems... OK
Oct 20 21:16:05 +02:00 tmeyer  Cleaning file systems: /tmp OK
Oct 20 21:16:05 +02:00 tmeyer  Retrying failed uevents, if any... OK
Oct 20 21:16:06 +02:00 tmeyer  Starting system log daemon... OK
Oct 20 21:16:06 +02:00 tmeyer  Starting kernel log daemon... OK
Oct 20 21:16:06 +02:00 tmeyer  Bringing up the enp0s3 interface... OK
Oct 20 21:16:06 +02:00 tmeyer  Starting dhcpcd on the enp0s3 interface... OK
--------
Oct 20 23:43:57 +02:00 (none)  Mounting virtual file systems: /run /proc /sys OK
Oct 20 23:43:57 +02:00 (none)  Bringing up the loopback interface... OK
Oct 20 23:43:57 +02:00 (none)  Setting hostname to tmeyer... OK
Oct 20 23:43:57 +02:00 tmeyer  Populating /dev with device nodes...  OK
Oct 20 21:43:58 +02:00 tmeyer  Activating all swap files/partitions... OK
Oct 20 21:43:58 +02:00 tmeyer  Mounting root file system in read-only mode...  OK
Oct 20 21:43:58 +02:00 tmeyer  Checking file systems... OK
Oct 20 21:43:58 +02:00 tmeyer  Remounting root file system in read-write mode... OK
Oct 20 21:43:58 +02:00 tmeyer  Mounting remaining file systems... OK
Oct 20 21:43:58 +02:00 tmeyer  Cleaning file systems: /tmp OK
Oct 20 21:43:58 +02:00 tmeyer  Retrying failed uevents, if any... OK
Oct 20 21:43:59 +02:00 tmeyer  Starting system log daemon... OK
Oct 20 21:43:59 +02:00 tmeyer  Starting kernel log daemon... OK
Oct 20 21:43:59 +02:00 tmeyer  Bringing up the enp0s3 interface... OK
Oct 20 21:43:59 +02:00 tmeyer  Starting dhcpcd on the enp0s3 interface... OK
Oct 20 21:43:59 +02:00 tmeyer  Starting SSH Server... OK
--------
Oct 24 11:43:16 +02:00 (none)  Mounting virtual file systems: /run /proc /sys OK
Oct 24 11:43:16 +02:00 (none)  Bringing up the loopback interface... OK
Oct 24 11:43:16 +02:00 (none)  Setting hostname to tmeyer... OK
Oct 24 11:43:16 +02:00 tmeyer  Populating /dev with device nodes...  OK
Oct 24 09:43:18 +02:00 tmeyer  Activating all swap files/partitions... OK
Oct 24 09:43:18 +02:00 tmeyer  Mounting root file system in read-only mode...  OK
Oct 24 09:43:18 +02:00 tmeyer  Checking file systems... OK
Oct 24 09:43:18 +02:00 tmeyer  Remounting root file system in read-write mode... OK
Oct 24 09:43:18 +02:00 tmeyer  Mounting remaining file systems... OK
Oct 24 09:43:18 +02:00 tmeyer  Cleaning file systems: /tmp OK
Oct 24 09:43:18 +02:00 tmeyer  Retrying failed uevents, if any... OK
Oct 24 09:43:19 +02:00 tmeyer  Starting system log daemon... OK
Oct 24 09:43:19 +02:00 tmeyer  Starting kernel log daemon... OK
Oct 24 09:43:19 +02:00 tmeyer  Bringing up the enp0s3 interface... OK
Oct 24 09:43:19 +02:00 tmeyer  Starting dhcpcd on the enp0s3 interface... OK
Oct 24 09:43:19 +02:00 tmeyer  Starting SSH Server... OK
--------
Oct 24 11:47:29 +02:00 (none)  Mounting virtual file systems: /run /proc /sys OK
Oct 24 11:47:29 +02:00 (none)  Bringing up the loopback interface... OK
Oct 24 11:47:29 +02:00 (none)  Setting hostname to tmeyer... OK
Oct 24 11:47:29 +02:00 tmeyer  Populating /dev with device nodes...  OK
Oct 24 09:47:30 +02:00 tmeyer  Activating all swap files/partitions... OK
Oct 24 09:47:30 +02:00 tmeyer  Mounting root file system in read-only mode...  OK
Oct 24 09:47:30 +02:00 tmeyer  Checking file systems... OK
Oct 24 09:47:30 +02:00 tmeyer  Remounting root file system in read-write mode... OK
Oct 24 09:47:30 +02:00 tmeyer  Mounting remaining file systems... OK
Oct 24 09:47:30 +02:00 tmeyer  Cleaning file systems: /tmp OK
Oct 24 09:47:30 +02:00 tmeyer  Retrying failed uevents, if any... OK
Oct 24 09:47:31 +02:00 tmeyer  Starting system log daemon... OK
Oct 24 09:47:31 +02:00 tmeyer  Starting kernel log daemon... OK
Oct 24 09:47:31 +02:00 tmeyer  Bringing up the enp0s3 interface... OK
Oct 24 09:47:31 +02:00 tmeyer  Starting dhcpcd on the enp0s3 interface... OK
Oct 24 09:47:31 +02:00 tmeyer  Starting SSH Server... OK
--------
Oct 25 14:07:06 +02:00 (none)  Mounting virtual file systems: /run /proc /sys OK
Oct 25 14:07:06 +02:00 (none)  Bringing up the loopback interface... OK
Oct 25 14:07:06 +02:00 (none)  Setting hostname to tmeyer... OK
Oct 25 14:07:06 +02:00 tmeyer  Populating /dev with device nodes...  OK
Oct 25 12:07:08 +02:00 tmeyer  Activating all swap files/partitions... OK
Oct 25 12:07:08 +02:00 tmeyer  Mounting root file system in read-only mode...  OK
Oct 25 12:07:08 +02:00 tmeyer  Checking file systems... OK
Oct 25 12:07:08 +02:00 tmeyer  Remounting root file system in read-write mode... OK
Oct 25 12:07:08 +02:00 tmeyer  Mounting remaining file systems... OK
Oct 25 12:07:08 +02:00 tmeyer  Cleaning file systems: /tmp OK
Oct 25 12:07:08 +02:00 tmeyer  Retrying failed uevents, if any... OK
Oct 25 12:07:09 +02:00 tmeyer  Starting system log daemon... OK
Oct 25 12:07:09 +02:00 tmeyer  Starting kernel log daemon... OK
Oct 25 12:07:09 +02:00 tmeyer  Bringing up the enp0s3 interface... OK
Oct 25 12:07:09 +02:00 tmeyer  Starting dhcpcd on the enp0s3 interface... OK
Oct 25 12:07:09 +02:00 tmeyer  Starting SSH Server... OK
--------
Oct 31 20:54:49 +01:00 (none)  Mounting virtual file systems: /run /proc /sys OK
Oct 31 20:54:49 +01:00 (none)  Bringing up the loopback interface... OK
Oct 31 20:54:49 +01:00 (none)  Setting hostname to tmeyer... OK
Oct 31 20:54:49 +01:00 tmeyer  Populating /dev with device nodes...  OK
Oct 31 19:54:51 +01:00 tmeyer  Activating all swap files/partitions... OK
Oct 31 19:54:51 +01:00 tmeyer  Mounting root file system in read-only mode...  OK
Oct 31 19:54:51 +01:00 tmeyer  Checking file systems... OK
Oct 31 19:54:51 +01:00 tmeyer  Remounting root file system in read-write mode... OK
Oct 31 19:54:51 +01:00 tmeyer  Mounting remaining file systems... OK
Oct 31 19:54:51 +01:00 tmeyer  Cleaning file systems: /tmp OK
Oct 31 19:54:51 +01:00 tmeyer  Retrying failed uevents, if any... OK
Oct 31 19:54:52 +01:00 tmeyer  Starting system log daemon... OK
Oct 31 19:54:52 +01:00 tmeyer  Starting kernel log daemon... OK
Oct 31 19:54:52 +01:00 tmeyer  Bringing up the enp0s3 interface... OK
Oct 31 19:54:52 +01:00 tmeyer  Starting dhcpcd on the enp0s3 interface... OK
Oct 31 19:54:52 +01:00 tmeyer  Starting SSH Server... OK
--------
Oct 31 21:08:43 +01:00 (none)  Mounting virtual file systems: /run /proc /sys OK
Oct 31 21:08:43 +01:00 (none)  Bringing up the loopback interface... OK
Oct 31 21:08:43 +01:00 (none)  Setting hostname to arlaine... OK
Oct 31 21:08:43 +01:00 arlaine  Populating /dev with device nodes...  OK
Oct 31 20:08:45 +01:00 arlaine  Activating all swap files/partitions... OK
Oct 31 20:08:45 +01:00 arlaine  Mounting root file system in read-only mode...  OK
Oct 31 20:08:45 +01:00 arlaine  Checking file systems... OK
Oct 31 20:08:45 +01:00 arlaine  Remounting root file system in read-write mode... OK
Oct 31 20:08:45 +01:00 arlaine  Mounting remaining file systems... OK
Oct 31 20:08:45 +01:00 arlaine  Cleaning file systems: /tmp OK
Oct 31 20:08:45 +01:00 arlaine  Retrying failed uevents, if any... OK
Oct 31 20:08:46 +01:00 arlaine  Starting system log daemon... OK
Oct 31 20:08:46 +01:00 arlaine  Starting kernel log daemon... OK
Oct 31 20:08:46 +01:00 arlaine  Bringing up the enp0s3 interface... OK
Oct 31 20:08:46 +01:00 arlaine  Starting dhcpcd on the enp0s3 interface... OK
Oct 31 20:08:46 +01:00 arlaine  Starting SSH Server... OK
--------
Nov 01 17:14:06 +01:00 (none)  Mounting virtual file systems: /run /proc /sys OK
Nov 01 17:14:06 +01:00 (none)  Bringing up the loopback interface... OK
Nov 01 17:14:06 +01:00 (none)  Setting hostname to arlaine... OK
Nov 01 17:14:06 +01:00 arlaine  Populating /dev with device nodes...  OK
Nov 01 16:14:10 +01:00 arlaine  Activating all swap files/partitions... OK
Nov 01 16:14:10 +01:00 arlaine  Mounting root file system in read-only mode...  OK
Nov 01 16:14:10 +01:00 arlaine  Checking file systems... OK
Nov 01 16:14:10 +01:00 arlaine  Remounting root file system in read-write mode... OK
Nov 01 16:14:11 +01:00 arlaine  Mounting remaining file systems... OK
Nov 01 16:14:11 +01:00 arlaine  Cleaning file systems: /tmp OK
Nov 01 16:14:11 +01:00 arlaine  Retrying failed uevents, if any... OK
Nov 01 16:14:12 +01:00 arlaine  Starting system log daemon... OK
Nov 01 16:14:12 +01:00 arlaine  Starting kernel log daemon... OK
Nov 01 16:14:13 +01:00 arlaine  Bringing up the enp0s3 interface... OK
Nov 01 16:14:13 +01:00 arlaine  Starting dhcpcd on the enp0s3 interface... OK
Nov 01 16:14:13 +01:00 arlaine  Starting SSH Server... OK
--------
Nov 01 17:15:07 +01:00 (none)  Mounting virtual file systems: /run /proc /sys OK
Nov 01 17:15:07 +01:00 (none)  Bringing up the loopback interface... OK
Nov 01 17:15:07 +01:00 (none)  Setting hostname to arlaine... OK
Nov 01 17:15:07 +01:00 arlaine  Populating /dev with device nodes...  OK
Nov 01 16:15:11 +01:00 arlaine  Activating all swap files/partitions... OK
Nov 01 16:15:11 +01:00 arlaine  Mounting root file system in read-only mode...  OK
Nov 01 16:15:11 +01:00 arlaine  Checking file systems... OK
Nov 01 16:15:11 +01:00 arlaine  Remounting root file system in read-write mode... OK
Nov 01 16:15:11 +01:00 arlaine  Mounting remaining file systems... OK
Nov 01 16:15:11 +01:00 arlaine  Cleaning file systems: /tmp OK
Nov 01 16:15:12 +01:00 arlaine  Retrying failed uevents, if any... OK
Nov 01 16:15:13 +01:00 arlaine  Starting system log daemon... OK
Nov 01 16:15:13 +01:00 arlaine  Starting kernel log daemon... OK
Nov 01 16:15:14 +01:00 arlaine  Bringing up the enp0s3 interface... OK
Nov 01 16:15:14 +01:00 arlaine  Starting dhcpcd on the enp0s3 interface... OK
Nov 01 16:15:14 +01:00 arlaine  Starting SSH Server... OK
--------
Nov 01 18:36:31 +01:00 (none)  Mounting virtual file systems: /run /proc /sys OK
Nov 01 18:36:31 +01:00 (none)  Bringing up the loopback interface... OK
Nov 01 18:36:32 +01:00 (none)  Setting hostname to arlaine... OK
Nov 01 18:36:32 +01:00 arlaine  Populating /dev with device nodes...  OK
Nov 01 17:36:36 +01:00 arlaine  Activating all swap files/partitions... OK
Nov 01 17:36:36 +01:00 arlaine  Mounting root file system in read-only mode...  OK
Nov 01 17:36:36 +01:00 arlaine  Checking file systems... OK
Nov 01 17:36:37 +01:00 arlaine  Remounting root file system in read-write mode... OK
Nov 01 17:36:37 +01:00 arlaine  Mounting remaining file systems... OK
Nov 01 17:36:37 +01:00 arlaine  Cleaning file systems: /tmp OK
Nov 01 17:36:37 +01:00 arlaine  Retrying failed uevents, if any... OK
Nov 01 17:36:38 +01:00 arlaine  Starting system log daemon... OK
Nov 01 17:36:38 +01:00 arlaine  Starting kernel log daemon... OK
Nov 01 17:36:39 +01:00 arlaine  Bringing up the enp0s3 interface... OK
Nov 01 17:36:39 +01:00 arlaine  Starting dhcpcd on the enp0s3 interface... OK
Nov 01 17:36:39 +01:00 arlaine  Starting SSH Server... OK
--------
Nov 02 09:54:03 +01:00 (none)  Mounting virtual file systems: /run /proc /sys OK
Nov 02 09:54:04 +01:00 (none)  Bringing up the loopback interface... OK
Nov 02 09:54:04 +01:00 (none)  Setting hostname to arlaine... OK
Nov 02 09:54:04 +01:00 arlaine  Populating /dev with device nodes...  OK
Nov 02 08:54:06 +01:00 arlaine  Activating all swap files/partitions... OK
Nov 02 08:54:06 +01:00 arlaine  Mounting root file system in read-only mode...  OK
Nov 02 08:54:06 +01:00 arlaine  Checking file systems... OK
Nov 02 08:54:06 +01:00 arlaine  Remounting root file system in read-write mode... OK
Nov 02 08:54:06 +01:00 arlaine  Mounting remaining file systems... OK
Nov 02 08:54:06 +01:00 arlaine  Cleaning file systems: /tmp OK
Nov 02 08:54:06 +01:00 arlaine  Retrying failed uevents, if any... OK
Nov 02 08:54:07 +01:00 arlaine  Starting system log daemon... OK
Nov 02 08:54:07 +01:00 arlaine  Starting kernel log daemon... OK
Nov 02 08:54:07 +01:00 arlaine  Bringing up the enp0s3 interface... OK
Nov 02 08:54:07 +01:00 arlaine  Starting dhcpcd on the enp0s3 interface... OK
Nov 02 08:54:07 +01:00 arlaine  Starting SSH Server... OK
--------
Nov 02 11:19:15 +01:00 (none)  Mounting virtual file systems: /run /proc /sys OK
Nov 02 11:19:16 +01:00 (none)  Bringing up the loopback interface... OK
Nov 02 11:19:16 +01:00 (none)  Setting hostname to arlaine... OK
Nov 02 11:19:16 +01:00 arlaine  Populating /dev with device nodes...  OK
Nov 02 10:20:31 +01:00 arlaine  Activating all swap files/partitions... OK
Nov 02 10:20:32 +01:00 arlaine  Mounting root file system in read-only mode...  OK
Nov 02 10:20:32 +01:00 arlaine  Checking file systems... OK
Nov 02 10:20:35 +01:00 arlaine  Remounting root file system in read-write mode... OK
Nov 02 10:20:35 +01:00 arlaine  Mounting remaining file systems... OK
Nov 02 10:20:35 +01:00 arlaine  Cleaning file systems: /tmp OK
Nov 02 10:20:36 +01:00 arlaine  Retrying failed uevents, if any... OK
Nov 02 10:20:37 +01:00 arlaine  Starting system log daemon... OK
Nov 02 10:20:38 +01:00 arlaine  Starting kernel log daemon... OK
Nov 02 10:20:40 +01:00 arlaine  Bringing up the enp0s3 interface... OK
Nov 02 10:20:40 +01:00 arlaine  Starting dhcpcd on the enp0s3 interface... OK
Nov 02 10:20:41 +01:00 arlaine  Starting SSH Server... OK
--------
Nov 02 12:35:27 +01:00 (none)  Mounting virtual file systems: /run /proc /sys OK
Nov 02 12:35:28 +01:00 (none)  Bringing up the loopback interface... OK
Nov 02 12:35:28 +01:00 (none)  Setting hostname to arlaine... OK
Nov 02 12:35:28 +01:00 arlaine  Populating /dev with device nodes...  OK
Nov 02 11:35:34 +01:00 arlaine  Activating all swap files/partitions... OK
Nov 02 11:35:34 +01:00 arlaine  Mounting root file system in read-only mode...  OK
Nov 02 11:35:34 +01:00 arlaine  Checking file systems... OK
Nov 02 11:35:34 +01:00 arlaine  Remounting root file system in read-write mode... OK
Nov 02 11:35:34 +01:00 arlaine  Mounting remaining file systems... OK
Nov 02 11:35:35 +01:00 arlaine  Cleaning file systems: /tmp OK
Nov 02 11:35:35 +01:00 arlaine  Retrying failed uevents, if any... OK
Nov 02 11:35:36 +01:00 arlaine  Starting system log daemon... OK
Nov 02 11:35:36 +01:00 arlaine  Starting kernel log daemon... OK
Nov 02 11:35:37 +01:00 arlaine  Bringing up the enp0s3 interface... OK
Nov 02 11:35:37 +01:00 arlaine  Starting dhcpcd on the enp0s3 interface... OK
Nov 02 11:35:38 +01:00 arlaine  Starting SSH Server... OK
--------
Nov 02 13:12:47 +01:00 (none)  Mounting virtual file systems: /run /proc /sys OK
Nov 02 13:12:48 +01:00 (none)  Bringing up the loopback interface... OK
Nov 02 13:12:48 +01:00 (none)  Setting hostname to arlaine... OK
Nov 02 13:12:48 +01:00 arlaine  Populating /dev with device nodes...  OK
Nov 02 12:12:51 +01:00 arlaine  Activating all swap files/partitions... OK
Nov 02 12:12:51 +01:00 arlaine  Mounting root file system in read-only mode...  OK
Nov 02 12:12:51 +01:00 arlaine  Checking file systems... OK
Nov 02 12:12:51 +01:00 arlaine  Remounting root file system in read-write mode... OK
Nov 02 12:12:52 +01:00 arlaine  Mounting remaining file systems... OK
Nov 02 12:12:52 +01:00 arlaine  Cleaning file systems: /tmp OK
Nov 02 12:12:52 +01:00 arlaine  Retrying failed uevents, if any... OK
Nov 02 12:12:53 +01:00 arlaine  Starting system log daemon... OK
Nov 02 12:12:53 +01:00 arlaine  Starting kernel log daemon... OK
Nov 02 12:12:54 +01:00 arlaine  Bringing up the enp0s3 interface... OK
Nov 02 12:12:54 +01:00 arlaine  Starting dhcpcd on the enp0s3 interface... OK
Nov 02 12:12:54 +01:00 arlaine  Starting SSH Server... OK
--------
Nov 02 13:35:43 +01:00 (none)  Mounting virtual file systems: /run /proc /sys OK
Nov 02 13:35:45 +01:00 (none)  Bringing up the loopback interface... OK
Nov 02 13:35:46 +01:00 (none)  Setting hostname to arlaine... OK
Nov 02 13:35:46 +01:00 arlaine  Populating /dev with device nodes...  OK
Nov 02 12:36:01 +01:00 arlaine  Activating all swap files/partitions... OK
Nov 02 12:36:02 +01:00 arlaine  Mounting root file system in read-only mode...  OK
Nov 02 12:36:02 +01:00 arlaine  Checking file systems... OK
Nov 02 12:36:04 +01:00 arlaine  Remounting root file system in read-write mode... OK
Nov 02 12:36:04 +01:00 arlaine  Mounting remaining file systems... OK
Nov 02 12:36:05 +01:00 arlaine  Cleaning file systems: /tmp OK
Nov 02 12:36:06 +01:00 arlaine  Retrying failed uevents, if any... OK
Nov 02 12:36:07 +01:00 arlaine  Starting system log daemon... OK
Nov 02 12:36:09 +01:00 arlaine  Starting kernel log daemon... OK
Nov 02 12:36:11 +01:00 arlaine  Bringing up the enp0s3 interface... OK
Nov 02 12:36:12 +01:00 arlaine  Starting dhcpcd on the enp0s3 interface... OK
Nov 02 12:36:13 +01:00 arlaine  Starting SSH Server... OK
--------
Nov 02 15:11:31 +01:00 (none)  Mounting virtual file systems: /run /proc /sys OK
Nov 02 15:11:33 +01:00 (none)  Bringing up the loopback interface... OK
Nov 02 15:11:33 +01:00 (none)  Setting hostname to arlaine... OK
Nov 02 15:11:33 +01:00 arlaine  Populating /dev with device nodes...  OK
Nov 02 14:11:40 +01:00 arlaine  Activating all swap files/partitions... OK
Nov 02 14:11:41 +01:00 arlaine  Mounting root file system in read-only mode...  OK
Nov 02 14:11:41 +01:00 arlaine  Checking file systems... OK
Nov 02 14:11:43 +01:00 arlaine  Remounting root file system in read-write mode... OK
Nov 02 14:11:44 +01:00 arlaine  Mounting remaining file systems... OK
Nov 02 14:11:44 +01:00 arlaine  Cleaning file systems: /tmp OK
Nov 02 14:11:45 +01:00 arlaine  Retrying failed uevents, if any... OK
Nov 02 14:11:46 +01:00 arlaine  Starting system log daemon... OK
Nov 02 14:11:46 +01:00 arlaine  Starting kernel log daemon... OK
Nov 02 14:11:47 +01:00 arlaine  Bringing up the enp0s3 interface... OK
Nov 02 14:11:48 +01:00 arlaine  Starting dhcpcd on the enp0s3 interface... OK
Nov 02 14:11:48 +01:00 arlaine  Starting SSH Server... OK
--------
Nov 02 15:26:00 +01:00 (none)  Mounting virtual file systems: /run /proc /sys OK
Nov 02 15:26:01 +01:00 (none)  Bringing up the loopback interface... OK
Nov 02 15:26:02 +01:00 (none)  Setting hostname to arlaine... OK
Nov 02 15:26:02 +01:00 arlaine  Populating /dev with device nodes...  OK
Nov 02 14:26:08 +01:00 arlaine  Activating all swap files/partitions... OK
Nov 02 14:26:08 +01:00 arlaine  Mounting root file system in read-only mode...  OK
Nov 02 14:26:08 +01:00 arlaine  Checking file systems... OK
Nov 02 14:26:10 +01:00 arlaine  Remounting root file system in read-write mode... OK
Nov 02 14:26:10 +01:00 arlaine  Mounting remaining file systems... OK
Nov 02 14:26:10 +01:00 arlaine  Cleaning file systems: /tmp OK
Nov 02 14:26:11 +01:00 arlaine  Retrying failed uevents, if any... OK
Nov 02 14:26:12 +01:00 arlaine  Starting system log daemon... OK
Nov 02 14:26:13 +01:00 arlaine  Starting kernel log daemon... OK
Nov 02 14:26:14 +01:00 arlaine  Bringing up the enp0s3 interface... OK
Nov 02 14:26:14 +01:00 arlaine  Starting dhcpcd on the enp0s3 interface... OK
Nov 02 14:26:15 +01:00 arlaine  Starting SSH Server... OK
--------
Nov 03 10:39:17 +01:00 (none)  Mounting virtual file systems: /run /proc /sys OK
Nov 03 10:39:17 +01:00 (none)  Bringing up the loopback interface... OK
Nov 03 10:39:18 +01:00 (none)  Setting hostname to arlaine... OK
Nov 03 10:39:18 +01:00 arlaine  Populating /dev with device nodes...  OK
Nov 03 09:39:21 +01:00 arlaine  Activating all swap files/partitions... OK
Nov 03 09:39:21 +01:00 arlaine  Mounting root file system in read-only mode...  OK
Nov 03 09:39:21 +01:00 arlaine  Checking file systems... OK
Nov 03 09:39:22 +01:00 arlaine  Remounting root file system in read-write mode... OK
Nov 03 09:39:22 +01:00 arlaine  Mounting remaining file systems... OK
Nov 03 09:39:22 +01:00 arlaine  Cleaning file systems: /tmp OK
Nov 03 09:39:23 +01:00 arlaine  Retrying failed uevents, if any... OK
Nov 03 09:39:24 +01:00 arlaine  Starting system log daemon... OK
Nov 03 09:39:24 +01:00 arlaine  Starting kernel log daemon... OK
Nov 03 09:39:24 +01:00 arlaine  Bringing up the enp0s3 interface... OK
Nov 03 09:39:25 +01:00 arlaine  Starting dhcpcd on the enp0s3 interface... OK
Nov 03 09:39:25 +01:00 arlaine  Starting SSH Server... OK
--------
Nov 03 10:56:30 +01:00 (none)  Mounting virtual file systems: /run /proc /sys OK
Nov 03 10:56:31 +01:00 (none)  Bringing up the loopback interface... OK
Nov 03 10:56:31 +01:00 (none)  Setting hostname to arlaine... OK
Nov 03 10:56:31 +01:00 arlaine  Populating /dev with device nodes...  OK
Nov 03 09:56:35 +01:00 arlaine  Activating all swap files/partitions... OK
Nov 03 09:56:35 +01:00 arlaine  Mounting root file system in read-only mode...  OK
Nov 03 09:56:35 +01:00 arlaine  Checking file systems... OK
Nov 03 09:56:35 +01:00 arlaine  Remounting root file system in read-write mode... OK
Nov 03 09:56:36 +01:00 arlaine  Mounting remaining file systems... OK
Nov 03 09:56:36 +01:00 arlaine  Cleaning file systems: /tmp OK
Nov 03 09:56:36 +01:00 arlaine  Retrying failed uevents, if any... OK
Nov 03 09:56:37 +01:00 arlaine  Starting system log daemon... OK
Nov 03 09:56:37 +01:00 arlaine  Starting kernel log daemon... OK
Nov 03 09:56:38 +01:00 arlaine  Bringing up the enp0s3 interface... OK
Nov 03 09:56:38 +01:00 arlaine  Starting dhcpcd on the enp0s3 interface... OK
Nov 03 09:56:39 +01:00 arlaine  Starting SSH Server... OK
--------
Nov 03 12:32:58 +01:00 (none)  Mounting virtual file systems: /run /proc /sys OK
Nov 03 12:32:59 +01:00 (none)  Bringing up the loopback interface... OK
Nov 03 12:32:59 +01:00 (none)  Setting hostname to arlaine... OK
Nov 03 12:32:59 +01:00 arlaine  Populating /dev with device nodes...  OK
Nov 03 11:33:06 +01:00 arlaine  Activating all swap files/partitions... OK
Nov 03 11:33:06 +01:00 arlaine  Mounting root file system in read-only mode...  OK
Nov 03 11:33:06 +01:00 arlaine  Checking file systems... OK
Nov 03 11:33:07 +01:00 arlaine  Remounting root file system in read-write mode... OK
Nov 03 11:33:07 +01:00 arlaine  Mounting remaining file systems... OK
Nov 03 11:33:07 +01:00 arlaine  Cleaning file systems: /tmp OK
Nov 03 11:33:08 +01:00 arlaine  Retrying failed uevents, if any... OK
Nov 03 11:33:09 +01:00 arlaine  Starting system log daemon... OK
Nov 03 11:33:09 +01:00 arlaine  Starting kernel log daemon... OK
Nov 03 11:33:10 +01:00 arlaine  Bringing up the enp0s3 interface... OK
Nov 03 11:33:10 +01:00 arlaine  Starting dhcpcd on the enp0s3 interface... OK
Nov 03 11:33:11 +01:00 arlaine  Starting SSH Server... OK
--------
Nov 03 12:35:46 +01:00 (none)  Mounting virtual file systems: /run /proc /sys OK
Nov 03 12:35:48 +01:00 (none)  Bringing up the loopback interface... OK
Nov 03 12:35:48 +01:00 (none)  Setting hostname to arlaine... OK
Nov 03 12:35:48 +01:00 arlaine  Populating /dev with device nodes...  OK
Nov 03 11:35:56 +01:00 arlaine  Activating all swap files/partitions... OK
Nov 03 11:35:57 +01:00 arlaine  Mounting root file system in read-only mode...  OK
Nov 03 11:35:57 +01:00 arlaine  Checking file systems... OK
Nov 03 11:35:58 +01:00 arlaine  Remounting root file system in read-write mode... OK
Nov 03 11:35:58 +01:00 arlaine  Mounting remaining file systems... OK
Nov 03 11:35:59 +01:00 arlaine  Cleaning file systems: /tmp OK
Nov 03 11:35:59 +01:00 arlaine  Retrying failed uevents, if any... OK
Nov 03 11:36:00 +01:00 arlaine  Starting system log daemon... OK
Nov 03 11:36:00 +01:00 arlaine  Starting kernel log daemon... OK
Nov 03 11:36:01 +01:00 arlaine  Bringing up the enp0s3 interface... OK
Nov 03 11:36:02 +01:00 arlaine  Starting dhcpcd on the enp0s3 interface... OK
Nov 03 11:36:02 +01:00 arlaine  Starting SSH Server... OK
--------
Nov 03 12:50:42 +01:00 (none)  Mounting virtual file systems: /run /proc /sys OK
Nov 03 12:50:42 +01:00 (none)  Bringing up the loopback interface... OK
Nov 03 12:50:43 +01:00 (none)  Setting hostname to arlaine... OK
Nov 03 12:50:43 +01:00 arlaine  Populating /dev with device nodes...  OK
Nov 03 11:50:39 +01:00 arlaine  Activating all swap files/partitions... OK
Nov 03 11:50:39 +01:00 arlaine  Mounting root file system in read-only mode...  OK
Nov 03 11:50:39 +01:00 arlaine  Checking file systems... OK
Nov 03 11:50:39 +01:00 arlaine  Remounting root file system in read-write mode... OK
Nov 03 11:50:39 +01:00 arlaine  Mounting remaining file systems... OK
Nov 03 11:50:40 +01:00 arlaine  Cleaning file systems: /tmp OK
Nov 03 11:50:40 +01:00 arlaine  Retrying failed uevents, if any... OK
Nov 03 11:50:41 +01:00 arlaine  Starting system log daemon... OK
Nov 03 11:50:41 +01:00 arlaine  Starting kernel log daemon... OK
Nov 03 11:50:41 +01:00 arlaine  Bringing up the enp0s3 interface... OK
Nov 03 11:50:41 +01:00 arlaine  Starting dhcpcd on the enp0s3 interface... OK
Nov 03 11:50:41 +01:00 arlaine  Starting SSH Server... OK
--------
Nov 03 14:40:20 +01:00 (none)  Mounting virtual file systems: /run /proc /sys OK
Nov 03 14:40:24 +01:00 (none)  Bringing up the loopback interface... OK
Nov 03 14:40:24 +01:00 (none)  Setting hostname to arlaine... OK
Nov 03 14:40:24 +01:00 arlaine  Populating /dev with device nodes...  OK
Nov 03 13:40:23 +01:00 arlaine  Activating all swap files/partitions... OK
Nov 03 13:40:23 +01:00 arlaine  Mounting root file system in read-only mode...  OK
Nov 03 13:40:23 +01:00 arlaine  Checking file systems... OK
Nov 03 13:40:25 +01:00 arlaine  Remounting root file system in read-write mode... OK
Nov 03 13:40:25 +01:00 arlaine  Mounting remaining file systems... OK
Nov 03 13:40:25 +01:00 arlaine  Cleaning file systems: /tmp OK
Nov 03 13:40:26 +01:00 arlaine  Retrying failed uevents, if any... OK
Nov 03 13:40:27 +01:00 arlaine  Starting system log daemon... OK
Nov 03 13:40:27 +01:00 arlaine  Starting kernel log daemon... OK
Nov 03 13:40:28 +01:00 arlaine  Bringing up the enp0s3 interface... OK
Nov 03 13:40:28 +01:00 arlaine  Starting dhcpcd on the enp0s3 interface... OK
Nov 03 13:40:29 +01:00 arlaine  Starting SSH Server... OK
--------
Nov 04 11:05:08 +01:00 (none)  Mounting virtual file systems: /run /proc /sys OK
Nov 04 11:05:09 +01:00 (none)  Bringing up the loopback interface... OK
Nov 04 11:05:09 +01:00 (none)  Setting hostname to arlaine... OK
Nov 04 11:05:09 +01:00 arlaine  Populating /dev with device nodes...  OK
Nov 04 10:05:01 +01:00 arlaine  Activating all swap files/partitions... OK
Nov 04 10:05:01 +01:00 arlaine  Mounting root file system in read-only mode...  OK
Nov 04 10:05:01 +01:00 arlaine  Checking file systems... OK
Nov 04 10:05:02 +01:00 arlaine  Remounting root file system in read-write mode... OK
Nov 04 10:05:02 +01:00 arlaine  Mounting remaining file systems... OK
Nov 04 10:05:02 +01:00 arlaine  Cleaning file systems: /tmp OK
Nov 04 10:05:03 +01:00 arlaine  Retrying failed uevents, if any... OK
Nov 04 10:05:04 +01:00 arlaine  Starting system log daemon... OK
Nov 04 10:05:04 +01:00 arlaine  Starting kernel log daemon... OK
Nov 04 10:05:04 +01:00 arlaine  Bringing up the enp0s3 interface... OK
Nov 04 10:05:05 +01:00 arlaine  Starting dhcpcd on the enp0s3 interface... OK
Nov 04 10:05:05 +01:00 arlaine  Starting SSH Server... OK
--------
Nov 04 12:40:13 +01:00 (none)  Mounting virtual file systems: /run /proc /sys OK
Nov 04 12:40:14 +01:00 (none)  Bringing up the loopback interface... OK
Nov 04 12:40:14 +01:00 (none)  Setting hostname to arlaine... OK
Nov 04 12:40:14 +01:00 arlaine  Populating /dev with device nodes...  OK
Nov 04 11:40:10 +01:00 arlaine  Activating all swap files/partitions... OK
Nov 04 11:40:10 +01:00 arlaine  Mounting root file system in read-only mode...  OK
Nov 04 11:40:10 +01:00 arlaine  Checking file systems... OK
Nov 04 11:40:10 +01:00 arlaine  Remounting root file system in read-write mode... OK
Nov 04 11:40:10 +01:00 arlaine  Mounting remaining file systems... OK
Nov 04 11:40:10 +01:00 arlaine  Cleaning file systems: /tmp OK
Nov 04 11:40:11 +01:00 arlaine  Retrying failed uevents, if any... OK
Nov 04 11:40:12 +01:00 arlaine  Starting system log daemon... OK
Nov 04 11:40:12 +01:00 arlaine  Starting kernel log daemon... OK
Nov 04 11:40:12 +01:00 arlaine  Bringing up the enp0s3 interface... OK
Nov 04 11:40:12 +01:00 arlaine  Starting dhcpcd on the enp0s3 interface... OK
Nov 04 11:40:12 +01:00 arlaine  Starting SSH Server... OK
--------
Nov 04 12:44:18 +01:00 (none)  Mounting virtual file systems: /run /proc /sys OK
Nov 04 12:44:19 +01:00 (none)  Bringing up the loopback interface... OK
Nov 04 12:44:19 +01:00 (none)  Setting hostname to arlaine... OK
Nov 04 12:44:19 +01:00 arlaine  Populating /dev with device nodes...  OK
Nov 04 11:44:14 +01:00 arlaine  Activating all swap files/partitions... OK
Nov 04 11:44:14 +01:00 arlaine  Mounting root file system in read-only mode...  OK
Nov 04 11:44:14 +01:00 arlaine  Checking file systems... OK
Nov 04 11:44:14 +01:00 arlaine  Remounting root file system in read-write mode... OK
Nov 04 11:44:14 +01:00 arlaine  Mounting remaining file systems... OK
Nov 04 11:44:15 +01:00 arlaine  Cleaning file systems: /tmp OK
Nov 04 11:44:15 +01:00 arlaine  Retrying failed uevents, if any... OK
Nov 04 11:44:16 +01:00 arlaine  Starting system log daemon... OK
Nov 04 11:44:16 +01:00 arlaine  Starting kernel log daemon... OK
Nov 04 11:44:16 +01:00 arlaine  Bringing up the enp0s3 interface... OK
Nov 04 11:44:16 +01:00 arlaine  Starting dhcpcd on the enp0s3 interface... OK
Nov 04 11:44:16 +01:00 arlaine  Starting SSH Server... OK
--------
